#
# There is insufficient memory for the Java Runtime Environment to continue.
# Native memory allocation (malloc) failed to allocate 1048576 bytes for AllocateHeap
# Possible reasons:
#   The system is out of physical RAM or swap space
#   In 32 bit mode, the process size limit was hit
# Possible solutions:
#   Reduce memory load on the system
#   Increase physical memory or swap space
#   Check if swap backing store is full
#   Use 64 bit Java on a 64 bit OS
#   Decrease Java heap size (-Xmx/-Xms)
#   Decrease number of Java threads
#   Decrease Java thread stack sizes (-Xss)
#   Set larger code cache with -XX:ReservedCodeCacheSize=
# This output file may be truncated or incomplete.
#
#  Out of Memory Error (memory/allocation.inline.hpp:61), pid=2172, tid=5036
#
# JRE version:  (8.0_51-b16) (build )
# Java VM: Java HotSpot(TM) 64-Bit Server VM (25.51-b03 mixed mode windows-amd64 compressed oops)
# Failed to write core dump. Minidumps are not enabled by default on client versions of Windows
#

---------------  T H R E A D  ---------------

Current thread (0x000000000304d800):  JavaThread "Unknown thread" [_thread_in_vm, id=5036, stack(0x0000000002ee0000,0x0000000002fe0000)]

Stack: [0x0000000002ee0000,0x0000000002fe0000]
Native frames: (J=compiled Java code, j=interpreted, Vv=VM code, C=native code)
V  [jvm.dll+0x32b4ca]
V  [jvm.dll+0x2797e3]
V  [jvm.dll+0x27a479]
V  [jvm.dll+0x271765]
V  [jvm.dll+0x1606]
V  [jvm.dll+0x3f7dd2]
V  [jvm.dll+0x3f876f]
V  [jvm.dll+0x3f883d]
V  [jvm.dll+0x3f8a06]
V  [jvm.dll+0xf2c22]
V  [jvm.dll+0x20f0a9]
V  [jvm.dll+0x240d2a]
V  [jvm.dll+0x15b9a1]
C  [javaw.exe+0x217e]
C  [javaw.exe+0xcd37]
C  [javaw.exe+0xcdcb]
C  [KERNEL32.DLL+0x17344]
C  [ntdll.dll+0x526b1]


---------------  P R O C E S S  ---------------

Java Threads: ( => current thread )

Other Threads:

=>0x000000000304d800 (exited) JavaThread "Unknown thread" [_thread_in_vm, id=5036, stack(0x0000000002ee0000,0x0000000002fe0000)]

VM state:not at safepoint (normal execution)

VM Mutex/Monitor currently owned by a thread: None

Heap:
 PSYoungGen      total 75264K, used 1290K [0x000000076c380000, 0x0000000771780000, 0x00000007c0000000)
  eden space 64512K, 2% used [0x000000076c380000,0x000000076c4c2900,0x0000000770280000)
  from space 10752K, 0% used [0x0000000770d00000,0x0000000770d00000,0x0000000771780000)
  to   space 10752K, 0% used [0x0000000770280000,0x0000000770280000,0x0000000770d00000)
 ParOldGen       total 172032K, used 0K [0x00000006c4a00000, 0x00000006cf200000, 0x000000076c380000)
  object space 172032K, 0% used [0x00000006c4a00000,0x00000006c4a00000,0x00000006cf200000)
 Metaspace       used 742K, capacity 4480K, committed 4480K, reserved 1056768K
  class space    used 75K, capacity 384K, committed 384K, reserved 1048576K

Card table byte_map: [0x0000000012510000,0x0000000012cf0000] byte_map_base: 0x000000000eeeb000

Marking Bits: (ParMarkBitMap*) 0x00000000621d4040
 Begin Bits: [0x0000000013a30000, 0x0000000017908000)
 End Bits:   [0x0000000017908000, 0x000000001b7e0000)

Polling page: 0x0000000001640000

CodeCache: size=245760Kb used=328Kb max_used=328Kb free=245431Kb
 bounds [0x0000000003150000, 0x00000000033c0000, 0x0000000012150000]
 total_blobs=57 nmethods=0 adapters=37
 compilation: enabled

Compilation events (0 events):
No events

GC Heap History (0 events):
No events

Deoptimization events (0 events):
No events

Internal exceptions (0 events):
No events

Events (10 events):
Event: 0.022 loading class java/lang/Short
Event: 0.022 loading class java/lang/Short done
Event: 0.022 loading class java/lang/Integer
Event: 0.022 loading class java/lang/Integer done
Event: 0.022 loading class java/lang/Long
Event: 0.022 loading class java/lang/Long done
Event: 0.022 loading class java/lang/NullPointerException
Event: 0.022 loading class java/lang/NullPointerException done
Event: 0.022 loading class java/lang/ArithmeticException
Event: 0.022 loading class java/lang/ArithmeticException done


Dynamic libraries:
0x00007ff76f040000 - 0x00007ff76f077000 	C:\Program Files\Java\jre1.8.0_51\bin\javaw.exe
0x00007ff982d10000 - 0x00007ff982f08000 	C:\Windows\SYSTEM32\ntdll.dll
0x00007ff981d80000 - 0x00007ff981e3d000 	C:\Windows\System32\KERNEL32.DLL
0x00007ff980490000 - 0x00007ff980786000 	C:\Windows\System32\KERNELBASE.dll
0x00007ff980d40000 - 0x00007ff980df0000 	C:\Windows\System32\ADVAPI32.dll
0x00007ff9819c0000 - 0x00007ff981a5e000 	C:\Windows\System32\msvcrt.dll
0x00007ff981c10000 - 0x00007ff981cb0000 	C:\Windows\System32\sechost.dll
0x00007ff980e30000 - 0x00007ff980f55000 	C:\Windows\System32\RPCRT4.dll
0x00007ff980460000 - 0x00007ff980487000 	C:\Windows\System32\bcrypt.dll
0x00007ff9825f0000 - 0x00007ff98278e000 	C:\Windows\System32\USER32.dll
0x00007ff980900000 - 0x00007ff980922000 	C:\Windows\System32\win32u.dll
0x00007ff9818d0000 - 0x00007ff9818fb000 	C:\Windows\System32\GDI32.dll
0x00007ff980c20000 - 0x00007ff980d37000 	C:\Windows\System32\gdi32full.dll
0x00007ff9803c0000 - 0x00007ff98045d000 	C:\Windows\System32\msvcp_win.dll
0x00007ff980790000 - 0x00007ff980890000 	C:\Windows\System32\ucrtbase.dll
0x00007ff9687c0000 - 0x00007ff968a5a000 	C:\Windows\WinSxS\amd64_microsoft.windows.common-controls_6595b64144ccf1df_6.0.19041.3636_none_60b6a03d71f818d5\COMCTL32.dll
0x00007ff980df0000 - 0x00007ff980e22000 	C:\Windows\System32\IMM32.DLL
0x0000000062260000 - 0x0000000062332000 	C:\Program Files\Java\jre1.8.0_51\bin\msvcr100.dll
0x00000000619d0000 - 0x0000000062253000 	C:\Program Files\Java\jre1.8.0_51\bin\server\jvm.dll
0x00007ff9819b0000 - 0x00007ff9819b8000 	C:\Windows\System32\PSAPI.DLL
0x00007ff970420000 - 0x00007ff970447000 	C:\Windows\SYSTEM32\WINMM.dll
0x00007ff9717a0000 - 0x00007ff9717a9000 	C:\Windows\SYSTEM32\WSOCK32.dll
0x00007ff975f40000 - 0x00007ff975f4a000 	C:\Windows\SYSTEM32\VERSION.dll
0x00007ff981d10000 - 0x00007ff981d7b000 	C:\Windows\System32\WS2_32.dll
0x00000000619c0000 - 0x00000000619cf000 	C:\Program Files\Java\jre1.8.0_51\bin\verify.dll
0x0000000061990000 - 0x00000000619b9000 	C:\Program Files\Java\jre1.8.0_51\bin\java.dll
0x0000000061970000 - 0x0000000061986000 	C:\Program Files\Java\jre1.8.0_51\bin\zip.dll
0x00007ff97e930000 - 0x00007ff97eb14000 	C:\Windows\SYSTEM32\dbghelp.dll
0x00007ff980930000 - 0x00007ff9809b2000 	C:\Windows\System32\bcryptPrimitives.dll

VM Arguments:
jvm_args: -Dfile.encoding=UTF-8 -Dstdout.encoding=UTF-8 -Dstderr.encoding=UTF-8 
java_command: application.UserDAO
java_class_path (initial): C:\Users\ThinkPad\eclipse-workspace\Login\bin;C:\Users\ThinkPad\.p2\pool\plugins\org.eclipse.fx.ide.css.jfx8_3.10.0.202303150700.jar;C:\Users\ThinkPad\eclipse-workspace\Login\lib\commons-lang3-3.8.1.jar;C:\Users\ThinkPad\eclipse-workspace\Login\lib\commons-logging-1.2.jar;C:\Users\ThinkPad\eclipse-workspace\Login\lib\hsqldb-2.5.0.jar;C:\Users\ThinkPad\eclipse-workspace\Login\lib\jackcess-3.0.1.jar;C:\Users\ThinkPad\eclipse-workspace\Login\lib\ucanaccess-5.0.1.jar
Launcher Type: SUN_STANDARD

Environment Variables:
JAVA_HOME=C:\Program Files\Java\jdk-21
PATH=C:/Program Files/Java/jdk-21/bin/server;C:/Program Files/Java/jdk-21/bin;C:\Program Files (x86)\Common Files\Oracle\Java\javapath;C:\Program Files\Microsoft MPI\Bin\;C:\Windows\system32;C:\Windows;C:\Windows\System32\Wbem;C:\Windows\System32\WindowsPowerShell\v1.0\;C:\Windows\System32\OpenSSH\;C:\Program Files (x86)\Microsoft SQL Server\160\Tools\Binn\;C:\Program Files\Microsoft SQL Server\160\Tools\Binn\;C:\Program Files\Microsoft SQL Server\Client SDK\ODBC\170\Tools\Binn\;C:\Program Files\Microsoft SQL Server\160\DTS\Binn\;C:\Program Files\PuTTY\;C:\Program Files (x86)\mingw-w64\i686-8.1.0-posix-dwarf-rt_v6-rev0\mingw32\bin;C:\MinGW\bin;D:\github\Git\cmd;C:\Users\ThinkPad\AppData\Local\Microsoft\WindowsApps;C:\Users\ThinkPad\AppData\Local\Programs\Microsoft VS Code\bin;C:\Users\ThinkPad\AppData\Local\GitHubDesktop\bin;C:\Program Files\Azure Data Studio\bin;C:\Program Files\JetBrains\IntelliJ IDEA Community Edition 2023.3.2\bin;;C:\Program Files\Java\jdk-21\bin;;C:\Windows\System32;
USERNAME=ThinkPad
OS=Windows_NT
PROCESSOR_IDENTIFIER=Intel64 Family 6 Model 140 Stepping 1, GenuineIntel



---------------  S Y S T E M  ---------------

OS: Windows 10.0 , 64 bit Build 19041 (10.0.19041.3636)

CPU:total 8 (4 cores per cpu, 2 threads per core) family 6 model 140 stepping 1, cmov, cx8, fxsr, mmx, sse, sse2, sse3, ssse3, sse4.1, sse4.2, popcnt, avx, avx2, aes, clmul, erms, 3dnowpref, lzcnt, ht, tsc, tscinvbit, bmi1, bmi2, adx

Memory: 4k page, physical 16473144k(6968932k free), swap 24734736k(5248k free)

vm_info: Java HotSpot(TM) 64-Bit Server VM (25.51-b03) for windows-amd64 JRE (1.8.0_51-b16), built on Jun  8 2015 18:03:07 by "java_re" with MS VC++ 10.0 (VS2010)

time: Sat Mar 23 20:03:12 2024
elapsed time: 0 seconds (0d 0h 0m 0s)

